Determining if files sys/types.h;errno.h;inttypes.h;limits.h;regex.h;signal.h;stdarg.h;stdint.h;stdlib.h;string.h;strings.h;sys/time.h;time.h;unistd.h;pthread.h;windows.h exist failed with the following output:
Change Dir: /home/stepanvar/Documents/clean_prog/build/CMakeFiles/CMakeTmp

Run Build Command(s):/usr/bin/gmake -f Makefile cmTC_8fc25/fast && /usr/bin/gmake  -f CMakeFiles/cmTC_8fc25.dir/build.make CMakeFiles/cmTC_8fc25.dir/build
gmake[1]: Entering directory '/home/stepanvar/Documents/clean_prog/build/CMakeFiles/CMakeTmp'
Building C object CMakeFiles/cmTC_8fc25.dir/HAVE_WINDOWS_H.c.o
/usr/bin/gcc   -fPIE -std=gnu99 -o CMakeFiles/cmTC_8fc25.dir/HAVE_WINDOWS_H.c.o -c /home/stepanvar/Documents/clean_prog/build/CMakeFiles/CheckIncludeFiles/HAVE_WINDOWS_H.c
/home/stepanvar/Documents/clean_prog/build/CMakeFiles/CheckIncludeFiles/HAVE_WINDOWS_H.c:17:10: fatal error: windows.h: No such file or directory
   17 | #include <windows.h>
      |          ^~~~~~~~~~~
compilation terminated.
gmake[1]: *** [CMakeFiles/cmTC_8fc25.dir/build.make:78: CMakeFiles/cmTC_8fc25.dir/HAVE_WINDOWS_H.c.o] Error 1
gmake[1]: Leaving directory '/home/stepanvar/Documents/clean_prog/build/CMakeFiles/CMakeTmp'
gmake: *** [Makefile:127: cmTC_8fc25/fast] Error 2


Source:
/* */
#include <sys/types.h>
#include <errno.h>
#include <inttypes.h>
#include <limits.h>
#include <regex.h>
#include <signal.h>
#include <stdarg.h>
#include <stdint.h>
#include <stdlib.h>
#include <string.h>
#include <strings.h>
#include <sys/time.h>
#include <time.h>
#include <unistd.h>
#include <pthread.h>
#include <windows.h>


int main(void){return 0;}

Determining if the function _getpid exists failed with the following output:
Change Dir: /home/stepanvar/Documents/clean_prog/build/CMakeFiles/CMakeTmp

Run Build Command(s):/usr/bin/gmake -f Makefile cmTC_98578/fast && /usr/bin/gmake  -f CMakeFiles/cmTC_98578.dir/build.make CMakeFiles/cmTC_98578.dir/build
gmake[1]: Entering directory '/home/stepanvar/Documents/clean_prog/build/CMakeFiles/CMakeTmp'
Building C object CMakeFiles/cmTC_98578.dir/CheckFunctionExists.c.o
/usr/bin/gcc   -DCHECK_FUNCTION_EXISTS=_getpid -fPIE -std=gnu99 -o CMakeFiles/cmTC_98578.dir/CheckFunctionExists.c.o -c /usr/share/cmake-3.22/Modules/CheckFunctionExists.c
Linking C executable cmTC_98578
/usr/bin/cmake -E cmake_link_script CMakeFiles/cmTC_98578.dir/link.txt --verbose=1
/usr/bin/gcc  -DCHECK_FUNCTION_EXISTS=_getpid CMakeFiles/cmTC_98578.dir/CheckFunctionExists.c.o -o cmTC_98578 
/usr/bin/ld: CMakeFiles/cmTC_98578.dir/CheckFunctionExists.c.o: in function `main':
CheckFunctionExists.c:(.text+0x14): undefined reference to `_getpid'
collect2: error: ld returned 1 exit status
gmake[1]: *** [CMakeFiles/cmTC_98578.dir/build.make:99: cmTC_98578] Error 1
gmake[1]: Leaving directory '/home/stepanvar/Documents/clean_prog/build/CMakeFiles/CMakeTmp'
gmake: *** [Makefile:127: cmTC_98578/fast] Error 2



Determining if the function _strdup exists failed with the following output:
Change Dir: /home/stepanvar/Documents/clean_prog/build/CMakeFiles/CMakeTmp

Run Build Command(s):/usr/bin/gmake -f Makefile cmTC_a4b38/fast && /usr/bin/gmake  -f CMakeFiles/cmTC_a4b38.dir/build.make CMakeFiles/cmTC_a4b38.dir/build
gmake[1]: Entering directory '/home/stepanvar/Documents/clean_prog/build/CMakeFiles/CMakeTmp'
Building C object CMakeFiles/cmTC_a4b38.dir/CheckFunctionExists.c.o
/usr/bin/gcc   -DCHECK_FUNCTION_EXISTS=_strdup -fPIE -std=gnu99 -o CMakeFiles/cmTC_a4b38.dir/CheckFunctionExists.c.o -c /usr/share/cmake-3.22/Modules/CheckFunctionExists.c
Linking C executable cmTC_a4b38
/usr/bin/cmake -E cmake_link_script CMakeFiles/cmTC_a4b38.dir/link.txt --verbose=1
/usr/bin/gcc  -DCHECK_FUNCTION_EXISTS=_strdup CMakeFiles/cmTC_a4b38.dir/CheckFunctionExists.c.o -o cmTC_a4b38 
/usr/bin/ld: CMakeFiles/cmTC_a4b38.dir/CheckFunctionExists.c.o: in function `main':
CheckFunctionExists.c:(.text+0x14): undefined reference to `_strdup'
collect2: error: ld returned 1 exit status
gmake[1]: *** [CMakeFiles/cmTC_a4b38.dir/build.make:99: cmTC_a4b38] Error 1
gmake[1]: Leaving directory '/home/stepanvar/Documents/clean_prog/build/CMakeFiles/CMakeTmp'
gmake: *** [Makefile:127: cmTC_a4b38/fast] Error 2



Performing C SOURCE FILE Test HAVE_STRUCT_ITIMERSPEC_IT_VALUE failed with the following output:
Change Dir: /home/stepanvar/Documents/clean_prog/build/CMakeFiles/CMakeTmp

Run Build Command(s):/usr/bin/gmake -f Makefile cmTC_66bf4/fast && /usr/bin/gmake  -f CMakeFiles/cmTC_66bf4.dir/build.make CMakeFiles/cmTC_66bf4.dir/build
gmake[1]: Entering directory '/home/stepanvar/Documents/clean_prog/build/CMakeFiles/CMakeTmp'
Building C object CMakeFiles/cmTC_66bf4.dir/src.c.o
/usr/bin/gcc -DHAVE_STRUCT_ITIMERSPEC_IT_VALUE  -fPIE -std=gnu99 -o CMakeFiles/cmTC_66bf4.dir/src.c.o -c /home/stepanvar/Documents/clean_prog/build/CMakeFiles/CMakeTmp/src.c
/home/stepanvar/Documents/clean_prog/build/CMakeFiles/CMakeTmp/src.c: In function ‘main’:
/home/stepanvar/Documents/clean_prog/build/CMakeFiles/CMakeTmp/src.c:6:29: error: storage size of ‘tmp’ isn’t known
    6 |    static struct itimerspec tmp;
      |                             ^~~
gmake[1]: *** [CMakeFiles/cmTC_66bf4.dir/build.make:78: CMakeFiles/cmTC_66bf4.dir/src.c.o] Error 1
gmake[1]: Leaving directory '/home/stepanvar/Documents/clean_prog/build/CMakeFiles/CMakeTmp'
gmake: *** [Makefile:127: cmTC_66bf4/fast] Error 2


Source file was:

#include <sys/time.h>

int main()
{
   static struct itimerspec tmp;
   if (sizeof(tmp.it_value))
      return 0;
  return 0;
}

Determining size of __int64 failed with the following output:
Change Dir: /home/stepanvar/Documents/clean_prog/build/CMakeFiles/CMakeTmp

Run Build Command(s):/usr/bin/gmake -f Makefile cmTC_0cab7/fast && /usr/bin/gmake  -f CMakeFiles/cmTC_0cab7.dir/build.make CMakeFiles/cmTC_0cab7.dir/build
gmake[1]: Entering directory '/home/stepanvar/Documents/clean_prog/build/CMakeFiles/CMakeTmp'
Building C object CMakeFiles/cmTC_0cab7.dir/__INT64.c.o
/usr/bin/gcc   -fPIE -std=gnu99 -o CMakeFiles/cmTC_0cab7.dir/__INT64.c.o -c /home/stepanvar/Documents/clean_prog/build/CMakeFiles/CheckTypeSize/__INT64.c
/home/stepanvar/Documents/clean_prog/build/CMakeFiles/CheckTypeSize/__INT64.c:27:22: error: ‘__int64’ undeclared here (not in a function); did you mean ‘__int64_t’?
   27 | #define SIZE (sizeof(__int64))
      |                      ^~~~~~~
/home/stepanvar/Documents/clean_prog/build/CMakeFiles/CheckTypeSize/__INT64.c:29:12: note: in expansion of macro ‘SIZE’
   29 |   ('0' + ((SIZE / 10000)%10)),
      |            ^~~~
gmake[1]: *** [CMakeFiles/cmTC_0cab7.dir/build.make:78: CMakeFiles/cmTC_0cab7.dir/__INT64.c.o] Error 1
gmake[1]: Leaving directory '/home/stepanvar/Documents/clean_prog/build/CMakeFiles/CMakeTmp'
gmake: *** [Makefile:127: cmTC_0cab7/fast] Error 2


/home/stepanvar/Documents/clean_prog/build/CMakeFiles/CheckTypeSize/__INT64.c:
#include <sys/types.h>
#include <stdint.h>
#include <stddef.h>


#undef KEY
#if defined(__i386)
# define KEY '_','_','i','3','8','6'
#elif defined(__x86_64)
# define KEY '_','_','x','8','6','_','6','4'
#elif defined(__PPC64__)
# define KEY '_','_','P','P','C','6','4','_','_'
#elif defined(__ppc64__)
# define KEY '_','_','p','p','c','6','4','_','_'
#elif defined(__PPC__)
# define KEY '_','_','P','P','C','_','_'
#elif defined(__ppc__)
# define KEY '_','_','p','p','c','_','_'
#elif defined(__aarch64__)
# define KEY '_','_','a','a','r','c','h','6','4','_','_'
#elif defined(__ARM_ARCH_7A__)
# define KEY '_','_','A','R','M','_','A','R','C','H','_','7','A','_','_'
#elif defined(__ARM_ARCH_7S__)
# define KEY '_','_','A','R','M','_','A','R','C','H','_','7','S','_','_'
#endif

#define SIZE (sizeof(__int64))
static char info_size[] =  {'I', 'N', 'F', 'O', ':', 's','i','z','e','[',
  ('0' + ((SIZE / 10000)%10)),
  ('0' + ((SIZE / 1000)%10)),
  ('0' + ((SIZE / 100)%10)),
  ('0' + ((SIZE / 10)%10)),
  ('0' +  (SIZE    % 10)),
  ']',
#ifdef KEY
  ' ','k','e','y','[', KEY, ']',
#endif
  '\0'};

#ifdef __CLASSIC_C__
int main(argc, argv) int argc; char *argv[];
#else
int main(int argc, char *argv[])
#endif
{
  int require = 0;
  require += info_size[argc];
  (void)argv;
  return require;
}


Determining size of unsigned __int64 failed with the following output:
Change Dir: /home/stepanvar/Documents/clean_prog/build/CMakeFiles/CMakeTmp

Run Build Command(s):/usr/bin/gmake -f Makefile cmTC_0ffa6/fast && /usr/bin/gmake  -f CMakeFiles/cmTC_0ffa6.dir/build.make CMakeFiles/cmTC_0ffa6.dir/build
gmake[1]: Entering directory '/home/stepanvar/Documents/clean_prog/build/CMakeFiles/CMakeTmp'
Building C object CMakeFiles/cmTC_0ffa6.dir/UNSIGNED___INT64.c.o
/usr/bin/gcc   -fPIE -std=gnu99 -o CMakeFiles/cmTC_0ffa6.dir/UNSIGNED___INT64.c.o -c /home/stepanvar/Documents/clean_prog/build/CMakeFiles/CheckTypeSize/UNSIGNED___INT64.c
/home/stepanvar/Documents/clean_prog/build/CMakeFiles/CheckTypeSize/UNSIGNED___INT64.c:27:31: error: expected ‘)’ before ‘__int64’
   27 | #define SIZE (sizeof(unsigned __int64))
      |                     ~         ^~~~~~~
/home/stepanvar/Documents/clean_prog/build/CMakeFiles/CheckTypeSize/UNSIGNED___INT64.c:29:12: note: in expansion of macro ‘SIZE’
   29 |   ('0' + ((SIZE / 10000)%10)),
      |            ^~~~
/home/stepanvar/Documents/clean_prog/build/CMakeFiles/CheckTypeSize/UNSIGNED___INT64.c:27:31: error: expected ‘)’ before ‘__int64’
   27 | #define SIZE (sizeof(unsigned __int64))
      |                     ~         ^~~~~~~
/home/stepanvar/Documents/clean_prog/build/CMakeFiles/CheckTypeSize/UNSIGNED___INT64.c:30:12: note: in expansion of macro ‘SIZE’
   30 |   ('0' + ((SIZE / 1000)%10)),
      |            ^~~~
/home/stepanvar/Documents/clean_prog/build/CMakeFiles/CheckTypeSize/UNSIGNED___INT64.c:27:31: error: expected ‘)’ before ‘__int64’
   27 | #define SIZE (sizeof(unsigned __int64))
      |                     ~         ^~~~~~~
/home/stepanvar/Documents/clean_prog/build/CMakeFiles/CheckTypeSize/UNSIGNED___INT64.c:31:12: note: in expansion of macro ‘SIZE’
   31 |   ('0' + ((SIZE / 100)%10)),
      |            ^~~~
/home/stepanvar/Documents/clean_prog/build/CMakeFiles/CheckTypeSize/UNSIGNED___INT64.c:27:31: error: expected ‘)’ before ‘__int64’
   27 | #define SIZE (sizeof(unsigned __int64))
      |                     ~         ^~~~~~~
/home/stepanvar/Documents/clean_prog/build/CMakeFiles/CheckTypeSize/UNSIGNED___INT64.c:32:12: note: in expansion of macro ‘SIZE’
   32 |   ('0' + ((SIZE / 10)%10)),
      |            ^~~~
/home/stepanvar/Documents/clean_prog/build/CMakeFiles/CheckTypeSize/UNSIGNED___INT64.c:27:31: error: expected ‘)’ before ‘__int64’
   27 | #define SIZE (sizeof(unsigned __int64))
      |                     ~         ^~~~~~~
/home/stepanvar/Documents/clean_prog/build/CMakeFiles/CheckTypeSize/UNSIGNED___INT64.c:33:12: note: in expansion of macro ‘SIZE’
   33 |   ('0' +  (SIZE    % 10)),
      |            ^~~~
gmake[1]: *** [CMakeFiles/cmTC_0ffa6.dir/build.make:78: CMakeFiles/cmTC_0ffa6.dir/UNSIGNED___INT64.c.o] Error 1
gmake[1]: Leaving directory '/home/stepanvar/Documents/clean_prog/build/CMakeFiles/CMakeTmp'
gmake: *** [Makefile:127: cmTC_0ffa6/fast] Error 2


/home/stepanvar/Documents/clean_prog/build/CMakeFiles/CheckTypeSize/UNSIGNED___INT64.c:
#include <sys/types.h>
#include <stdint.h>
#include <stddef.h>


#undef KEY
#if defined(__i386)
# define KEY '_','_','i','3','8','6'
#elif defined(__x86_64)
# define KEY '_','_','x','8','6','_','6','4'
#elif defined(__PPC64__)
# define KEY '_','_','P','P','C','6','4','_','_'
#elif defined(__ppc64__)
# define KEY '_','_','p','p','c','6','4','_','_'
#elif defined(__PPC__)
# define KEY '_','_','P','P','C','_','_'
#elif defined(__ppc__)
# define KEY '_','_','p','p','c','_','_'
#elif defined(__aarch64__)
# define KEY '_','_','a','a','r','c','h','6','4','_','_'
#elif defined(__ARM_ARCH_7A__)
# define KEY '_','_','A','R','M','_','A','R','C','H','_','7','A','_','_'
#elif defined(__ARM_ARCH_7S__)
# define KEY '_','_','A','R','M','_','A','R','C','H','_','7','S','_','_'
#endif

#define SIZE (sizeof(unsigned __int64))
static char info_size[] =  {'I', 'N', 'F', 'O', ':', 's','i','z','e','[',
  ('0' + ((SIZE / 10000)%10)),
  ('0' + ((SIZE / 1000)%10)),
  ('0' + ((SIZE / 100)%10)),
  ('0' + ((SIZE / 10)%10)),
  ('0' +  (SIZE    % 10)),
  ']',
#ifdef KEY
  ' ','k','e','y','[', KEY, ']',
#endif
  '\0'};

#ifdef __CLASSIC_C__
int main(argc, argv) int argc; char *argv[];
#else
int main(int argc, char *argv[])
#endif
{
  int require = 0;
  require += info_size[argc];
  (void)argv;
  return require;
}


Determining if the function subunit_test_start exists in the subunit failed with the following output:
Change Dir: /home/stepanvar/Documents/clean_prog/build/CMakeFiles/CMakeTmp

Run Build Command(s):/usr/bin/gmake -f Makefile cmTC_053b7/fast && /usr/bin/gmake  -f CMakeFiles/cmTC_053b7.dir/build.make CMakeFiles/cmTC_053b7.dir/build
gmake[1]: Entering directory '/home/stepanvar/Documents/clean_prog/build/CMakeFiles/CMakeTmp'
Building C object CMakeFiles/cmTC_053b7.dir/CheckFunctionExists.c.o
/usr/bin/gcc   -DCHECK_FUNCTION_EXISTS=subunit_test_start -fPIE -std=gnu99 -o CMakeFiles/cmTC_053b7.dir/CheckFunctionExists.c.o -c /usr/share/cmake-3.22/Modules/CheckFunctionExists.c
Linking C executable cmTC_053b7
/usr/bin/cmake -E cmake_link_script CMakeFiles/cmTC_053b7.dir/link.txt --verbose=1
/usr/bin/gcc  -DCHECK_FUNCTION_EXISTS=subunit_test_start CMakeFiles/cmTC_053b7.dir/CheckFunctionExists.c.o -o cmTC_053b7  -lsubunit 
/usr/bin/ld: cannot find -lsubunit: No such file or directory
collect2: error: ld returned 1 exit status
gmake[1]: *** [CMakeFiles/cmTC_053b7.dir/build.make:99: cmTC_053b7] Error 1
gmake[1]: Leaving directory '/home/stepanvar/Documents/clean_prog/build/CMakeFiles/CMakeTmp'
gmake: *** [Makefile:127: cmTC_053b7/fast] Error 2



